mode: set
github.com/satont/twitch-notifier/internal/services/db/chat_impl.go:14.114,19.16 2 0
github.com/satont/twitch-notifier/internal/services/db/chat_impl.go:19.16,21.3 1 0
github.com/satont/twitch-notifier/internal/services/db/chat_impl.go:23.2,27.16 2 0
github.com/satont/twitch-notifier/internal/services/db/chat_impl.go:27.16,29.3 1 0
github.com/satont/twitch-notifier/internal/services/db/chat_impl.go:31.2,31.21 1 0
github.com/satont/twitch-notifier/internal/services/db/chat_impl.go:34.86,36.16 2 1
github.com/satont/twitch-notifier/internal/services/db/chat_impl.go:36.16,38.3 1 0
github.com/satont/twitch-notifier/internal/services/db/chat_impl.go:40.2,46.16 2 1
github.com/satont/twitch-notifier/internal/services/db/chat_impl.go:46.16,48.3 1 1
github.com/satont/twitch-notifier/internal/services/db/chat_impl.go:50.2,50.16 1 1
github.com/satont/twitch-notifier/internal/services/db/chat_impl.go:53.87,59.16 2 1
github.com/satont/twitch-notifier/internal/services/db/chat_impl.go:59.16,60.26 1 1
github.com/satont/twitch-notifier/internal/services/db/chat_impl.go:60.26,62.4 1 1
github.com/satont/twitch-notifier/internal/services/db/chat_impl.go:64.3,64.18 1 0
github.com/satont/twitch-notifier/internal/services/db/chat_impl.go:67.2,67.16 1 1
github.com/satont/twitch-notifier/internal/services/db/chat_impl.go:67.16,69.3 1 0
github.com/satont/twitch-notifier/internal/services/db/chat_impl.go:71.2,71.16 1 1
github.com/satont/twitch-notifier/internal/services/db/chat_impl.go:74.98,81.16 2 1
github.com/satont/twitch-notifier/internal/services/db/chat_impl.go:81.16,83.3 1 0
github.com/satont/twitch-notifier/internal/services/db/chat_impl.go:85.2,85.21 1 1
github.com/satont/twitch-notifier/internal/services/db/chat_impl.go:88.58,92.2 1 0
